<?xml version="1.0" encoding="UTF-8"?>
<!-- Generated by org.testng.reporters.JUnitReportReporter -->
<testsuite hostname="Lappie" failures="0" tests="1" name="webApplicationTests.SubmitOrder" time="17.309" errors="0" timestamp="2025-02-23T22:15:10 IST" skipped="0">
  <testcase classname="webApplicationTests.SubmitOrder" name="submitOrderTest" time="17.309"/>
</testsuite> <!-- webApplicationTests.SubmitOrder -->
