<?xml version="1.0" encoding="UTF-8"?>
<!-- Generated by org.testng.reporters.JUnitReportReporter -->
<testsuite hostname="Lappie" failures="0" tests="1" name="webApplicationTests.SubmitOrder" time="5.766" errors="0" timestamp="2025-03-03T16:37:41 IST" skipped="0">
  <testcase classname="webApplicationTests.SubmitOrder" name="submitOrderTest" time="5.766"/>
</testsuite> <!-- webApplicationTests.SubmitOrder -->
